Generating dependencies for MissingFractionPerGene.cpp...
Generating dependencies for CodonMutSelProfileProcess.cpp...
Generating dependencies for GeneralPathSuffStatGTRProfileProcess.cpp...
Generating dependencies for PoissonSBDPProfileProcess.cpp...
Generating dependencies for RASCATGTRDPGammaPhyloProcess.cpp...
Generating dependencies for NNI.cpp...
Generating dependencies for CVrep.cpp...
Generating dependencies for PoissonDPProfileProcess.cpp...
Generating dependencies for SubMatrix.cpp...
Generating dependencies for PoissonMixtureProfileProcess.cpp...
Generating dependencies for SubstitutionProcess.cpp...
Generating dependencies for Random.cpp...
Generating dependencies for PB.cpp...
Generating dependencies for GeneralPathSuffStatGTRFiniteProfileProcess.cpp...
Generating dependencies for DecomposeGTR.cpp...
Generating dependencies for ExpoConjugateGTRPhyloProcess.cpp...
Generating dependencies for Tree.cpp...
Generating dependencies for TraceComp.cpp...
Generating dependencies for FiniteProfileProcess.cpp...
Generating dependencies for MixtureProfileProcess.cpp...
Generating dependencies for JackKnife.cpp...
Generating dependencies for SimuCodon.cpp...
Generating dependencies for RASCATSBDPGammaPhyloProcess.cpp...
Generating dependencies for GeneralPathSuffStatMatrixSubstitutionProcess.cpp...
Generating dependencies for PoissonPhyloProcess.cpp...
Generating dependencies for traceci.cpp...
Generating dependencies for GammaBranchProcess.cpp...
Generating dependencies for GeneralPathSuffStatMatrixOneProfileProcess.cpp...
Generating dependencies for MatrixDPProfileProcess.cpp...
Generating dependencies for BranchProcess.cpp...
Generating dependencies for linalg.cpp...
Generating dependencies for MatrixSubstitutionProcess.cpp...
Generating dependencies for ExpoConjugateGTRMixtureProfileProcess.cpp...
Generating dependencies for MatrixOneProfileProcess.cpp...
Generating dependencies for AACodonMutSelFinitePhyloProcess.cpp...
Generating dependencies for PoissonSubstitutionProcess.cpp...
Generating dependencies for Propagate.cpp...
Generating dependencies for Consensus.cpp...
Generating dependencies for RateProcess.cpp...
Generating dependencies for RASCATFiniteGammaPhyloProcess.cpp...
Generating dependencies for Bipartition.cpp...
Generating dependencies for MatrixMixtureProfileProcess.cpp...
Generating dependencies for correlation.cpp...
Generating dependencies for CodonMutSelSBDPPhyloProcess.cpp...
Generating dependencies for MatrixPhyloProcess.cpp...
Generating dependencies for MatrixInfiniteProfileProcess.cpp...
Generating dependencies for PBTree.cpp...
Generating dependencies for PoissonFiniteProfileProcess.cpp...
Generating dependencies for AACodonMutSelProfileProcess.cpp...
Generating dependencies for TaxaParameters.cpp...
Generating dependencies for AACodonMutSelSBDPPhyloProcess.cpp...
Generating dependencies for ExpoConjugateGTRSBDPProfileProcess.cpp...
Generating dependencies for GeneralPathSuffStatMatrixMixtureProfileProcess.cpp...
Generating dependencies for PolyNode.cpp...
Generating dependencies for ReadPB.cpp...
Generating dependencies for SequenceAlignment.cpp...
Generating dependencies for TreeList.cpp...
Generating dependencies for MatrixProfileProcess.cpp...
Generating dependencies for ConvertPhy2Ali.cpp...
Generating dependencies for DPProfileProcess.cpp...
Generating dependencies for ExpoConjugateGTRFiniteProfileProcess.cpp...
Generating dependencies for RASCATGTRFiniteGammaPhyloProcess.cpp...
Generating dependencies for MakeMixture.cpp...
Generating dependencies for ProfileProcess.cpp...
Generating dependencies for ExpoConjugateGTRDPProfileProcess.cpp...
Generating dependencies for CodonMutSelFinitePhyloProcess.cpp...
Generating dependencies for correl.cpp...
Generating dependencies for ExpoConjugateGTRProfileProcess.cpp...
Generating dependencies for TaxonSet.cpp...
Generating dependencies for CodonStateSpace.cpp...
Generating dependencies for ZippedSequenceAlignment.cpp...
Generating dependencies for Chrono.cpp...
Generating dependencies for GTRProfileProcess.cpp...
Generating dependencies for BPCompare.cpp...
Generating dependencies for GeneralPathSuffStatMatrixPhyloProcess.cpp...
Generating dependencies for CodonSubMatrix.cpp...
Generating dependencies for OneProfileProcess.cpp...
Generating dependencies for CodonSequenceAlignment.cpp...
Generating dependencies for RASCATGTRSBDPGammaPhyloProcess.cpp...
Generating dependencies for RASCATGammaPhyloProcess.cpp...
Generating dependencies for SBDPProfileProcess.cpp...
Generating dependencies for PhyloProcess.cpp...
Generating dependencies for GeneralPathSuffStatGTRDPProfileProcess.cpp...
Generating dependencies for BipartitionList.cpp...
Generating dependencies for GTRMixtureProfileProcess.cpp...
Generating dependencies for MatrixSBDPProfileProcess.cpp...
Generating dependencies for ExpoConjugateGTRSubstitutionProcess.cpp...
Generating dependencies for GeneralPathSuffStatGTRSBDPProfileProcess.cpp...
Generating dependencies for DGamRateProcess.cpp...
Generating dependencies for GTRSubMatrix.cpp...
Generating dependencies for MatrixFiniteProfileProcess.cpp...
Generating dependencies for gamma.cpp...
Generating dependencies for StateSpace.cpp...
tau_cxx.sh -c -w -O3 -c PB.cpp


Debug: Parsing with PDT Parser.
Executing> /home/hw16471/Programs/pdtoolkit-3.25.1/x86_64/bin/cxxparse PB.cpp -I/home/hw16471/Programs/tau-2.28.1/include -DPROFILING_ON -DTAU_GNU -DTAU_DOT_H_LESS_HEADERS -DTAU_MPI -DTAU_UNIFY -DTAU_MPI_THREADED -DTAU_LINUX_TIMERS -DTAU_MPIGREQUEST -DTAU_MPIDATAREP -DTAU_MPIERRHANDLER -DTAU_MPICONSTCHAR -DTAU_MPIATTRFUNCTION -DTAU_MPITYPEEX -DTAU_MPIADDERROR -DTAU_LARGEFILE -D_LARGEFILE64_SOURCE -DMPICH_IGNORE_CXX_SEEK -DTAU_MPICH2_MPI_IN_PLACE -DTAU_MPIFILE -DHAVE_TR1_HASH_MAP -DTAU_SS_ALLOC_SUPPORT -DEBS_CLOCK_RES=1 -DTAU_STRSIGNAL_OK -DTAU_TRACK_LD_LOADER -DTAU_MPICH3 -DTAU_MPI_EXTENSIONS -I/usr/lib/mpich/include -I/home/hw16471/Programs/tau-2.28.1/include -I/usr/lib/mpich/include
PDT: Error: Couldn't create PB.pdb: Invoking the alternate PDT parser based on EDG v4.10.1:
/home/hw16471/Programs/pdtoolkit-3.25.1/x86_64//bin/cxxparse4101 PB.cpp -I/home/hw16471/Programs/tau-2.28.1/include -DPROFILING_ON -DTAU_GNU -DTAU_DOT_H_LESS_HEADERS -DTAU_MPI -DTAU_UNIFY -DTAU_MPI_THREADED -DTAU_LINUX_TIMERS -DTAU_MPIGREQUEST -DTAU_MPIDATAREP -DTAU_MPIERRHANDLER -DTAU_MPICONSTCHAR -DTAU_MPIATTRFUNCTION -DTAU_MPITYPEEX -DTAU_MPIADDERROR -DTAU_LARGEFILE -D_LARGEFILE64_SOURCE -DMPICH_IGNORE_CXX_SEEK -DTAU_MPICH2_MPI_IN_PLACE -DTAU_MPIFILE -DHAVE_TR1_HASH_MAP -DTAU_SS_ALLOC_SUPPORT -DEBS_CLOCK_RES=1 -DTAU_STRSIGNAL_OK -DTAU_TRACK_LD_LOADER -DTAU_MPICH3 -DTAU_MPI_EXTENSIONS -I/usr/lib/mpich/include -I/home/hw16471/Programs/tau-2.28.1/include -I/usr/lib/mpich/include
PDT: Trying edgcpfe4101 without CXXSTDOPT=--c++11
/home/hw16471/Programs/pdtoolkit-3.25.1/x86_64//bin/edgcpfe4101 --sys_include /home/hw16471/Programs/pdtoolkit-3.25.1/contrib/rose/rose-header-gen/include/g++_HEADERS  "-I/home/hw16471/Programs/tau-2.28.1/include" -DPROFILING_ON -DTAU_GNU -DTAU_DOT_H_LESS_HEADERS -DTAU_MPI -DTAU_UNIFY -DTAU_MPI_THREADED -DTAU_LINUX_TIMERS -DTAU_MPIGREQUEST -DTAU_MPIDATAREP -DTAU_MPIERRHANDLER -DTAU_MPICONSTCHAR -DTAU_MPIATTRFUNCTION -DTAU_MPITYPEEX -DTAU_MPIADDERROR -DTAU_LARGEFILE -D_LARGEFILE64_SOURCE -DMPICH_IGNORE_CXX_SEEK -DTAU_MPICH2_MPI_IN_PLACE -DTAU_MPIFILE -DHAVE_TR1_HASH_MAP -DTAU_SS_ALLOC_SUPPORT -DEBS_CLOCK_RES=1 -DTAU_STRSIGNAL_OK -DTAU_TRACK_LD_LOADER -DTAU_MPICH3 -DTAU_MPI_EXTENSIONS "-I/usr/lib/mpich/include" "-I/home/hw16471/Programs/tau-2.28.1/include" "-I/usr/lib/mpich/include"  --sys_include /home/hw16471/Programs/pdtoolkit-3.25.1/contrib/rose/rose-header-gen/include/g++_HEADERS --sys_include /home/hw16471/Programs/pdtoolkit-3.25.1/contrib/rose/rose-header-gen/include/g++_HEADERS/hdrs --sys_include /home/hw16471/Programs/pdtoolkit-3.25.1/contrib/rose/rose-header-gen/include/g++_HEADERS/hdrs1 --sys_include /home/hw16471/Programs/pdtoolkit-3.25.1/contrib/rose/rose-header-gen/include/g++_HEADERS/hdrs2 --sys_include /home/hw16471/Programs/pdtoolkit-3.25.1/contrib/rose/rose-header-gen/include/g++_HEADERS/hdrs7 --sys_include /usr/include/c++/7 --sys_include /usr/include/x86_64-linux-gnu/c++/7 --sys_include /usr/include/c++/7/backward --sys_include /usr/lib/gcc/x86_64-linux-gnu/7/include --sys_include /usr/local/include --sys_include /usr/lib/gcc/x86_64-linux-gnu/7/include-fixed --sys_include /usr/include/x86_64-linux-gnu --sys_include /usr/include    -DPDT_MULTI_ARCH=1 -DPDT_MULTI_ARCH_x86_64=1 -DPDT_PARSER -DPDT_PARSER_EDG4101 -D__GNUG__=7 -D__GNUC__=7 -D__GNUC_MINOR__=7 -D__GNUC_PATCHLEVEL__=7 --preinclude rose_edg_required_macros_and_functions.h -DROSE_LANGUAGE_MODE=1   -tused --g++  --gnu_version 77700   --edg_base_dir /home/hw16471/Programs/pdtoolkit-3.25.1/contrib/rose/rose-header-gen      -o /tmp/pdt.hw16471.11949.il PB.cpp
PDT: Error: Couldn't create PB.pdb: Invoking the alternate PDT Rose parser based on EDG 4.4:
/home/hw16471/Programs/pdtoolkit-3.25.1/x86_64//bin/edg44-cxx-roseparse PB.cpp -I/home/hw16471/Programs/tau-2.28.1/include -DPROFILING_ON -DTAU_GNU -DTAU_DOT_H_LESS_HEADERS -DTAU_MPI -DTAU_UNIFY -DTAU_MPI_THREADED -DTAU_LINUX_TIMERS -DTAU_MPIGREQUEST -DTAU_MPIDATAREP -DTAU_MPIERRHANDLER -DTAU_MPICONSTCHAR -DTAU_MPIATTRFUNCTION -DTAU_MPITYPEEX -DTAU_MPIADDERROR -DTAU_LARGEFILE -D_LARGEFILE64_SOURCE -DMPICH_IGNORE_CXX_SEEK -DTAU_MPICH2_MPI_IN_PLACE -DTAU_MPIFILE -DHAVE_TR1_HASH_MAP -DTAU_SS_ALLOC_SUPPORT -DEBS_CLOCK_RES=1 -DTAU_STRSIGNAL_OK -DTAU_TRACK_LD_LOADER -DTAU_MPICH3 -DTAU_MPI_EXTENSIONS -I/usr/lib/mpich/include -I/home/hw16471/Programs/tau-2.28.1/include -I/usr/lib/mpich/include
PDT: Error: Couldn't create PB.pdb: Invoking the older PDT Rose parser based on EDG 3.3:
/home/hw16471/Programs/pdtoolkit-3.25.1/x86_64//bin/roseparse PB.cpp -I/home/hw16471/Programs/tau-2.28.1/include -DPROFILING_ON -DTAU_GNU -DTAU_DOT_H_LESS_HEADERS -DTAU_MPI -DTAU_UNIFY -DTAU_MPI_THREADED -DTAU_LINUX_TIMERS -DTAU_MPIGREQUEST -DTAU_MPIDATAREP -DTAU_MPIERRHANDLER -DTAU_MPICONSTCHAR -DTAU_MPIATTRFUNCTION -DTAU_MPITYPEEX -DTAU_MPIADDERROR -DTAU_LARGEFILE -D_LARGEFILE64_SOURCE -DMPICH_IGNORE_CXX_SEEK -DTAU_MPICH2_MPI_IN_PLACE -DTAU_MPIFILE -DHAVE_TR1_HASH_MAP -DTAU_SS_ALLOC_SUPPORT -DEBS_CLOCK_RES=1 -DTAU_STRSIGNAL_OK -DTAU_TRACK_LD_LOADER -DTAU_MPICH3 -DTAU_MPI_EXTENSIONS -I/usr/lib/mpich/include -I/home/hw16471/Programs/tau-2.28.1/include -I/usr/lib/mpich/include
abort on exit from EDG front-end processing! (severity = 6) 
Terminating compliation (in term_compilation instead of exit_compilation) 
PDT: Error parsing input file PB.cpp
Error: Command(Executable) is -- 
Error: Full Command attempted is -- /home/hw16471/Programs/pdtoolkit-3.25.1/x86_64/bin/cxxparse PB.cpp   -I/home/hw16471/Programs/tau-2.28.1/include -DPROFILING_ON                        -DTAU_GNU -DTAU_DOT_H_LESS_HEADERS                 -DTAU_MPI -DTAU_UNIFY -DTAU_MPI_THREADED     -DTAU_LINUX_TIMERS                   -DTAU_MPIGREQUEST     -DTAU_MPIDATAREP    -DTAU_MPIERRHANDLER    -DTAU_MPICONSTCHAR   -DTAU_MPIATTRFUNCTION    -DTAU_MPITYPEEX    -DTAU_MPIADDERROR         -DTAU_LARGEFILE -D_LARGEFILE64_SOURCE             -DMPICH_IGNORE_CXX_SEEK      -DTAU_MPICH2_MPI_IN_PLACE    -DTAU_MPIFILE      -DHAVE_TR1_HASH_MAP    -DTAU_SS_ALLOC_SUPPORT  -DEBS_CLOCK_RES=1  -DTAU_STRSIGNAL_OK    -DTAU_TRACK_LD_LOADER         -DTAU_MPICH3      -DTAU_MPI_EXTENSIONS                          -I/usr/lib/mpich/include        -I/home/hw16471/Programs/tau-2.28.1/include -I/usr/lib/mpich/include   
Error: Reverting to a Regular Make
To suppress this message and revert automatically, please add -optRevert to your TAU_OPTIONS environment variable
Press Enter to continue
 


Debug: cleaning inst file
Executing> /bin/rm -f PB.inst.cpp


Debug: cleaning PDB file
Executing> /bin/rm -f PB.pdb

Debug: PDT failed, switching to compiler-based instrumentation

Debug: Using compiler-based instrumentation


Debug: Compiling with Instrumented Code
Executing> /usr/bin/g++ -c -w -O3 -c PB.cpp -DPROFILING_ON -DTAU_GNU -DTAU_DOT_H_LESS_HEADERS -DTAU_MPI -DTAU_UNIFY -DTAU_MPI_THREADED -DTAU_LINUX_TIMERS -DTAU_MPIGREQUEST -DTAU_MPIDATAREP -DTAU_MPIERRHANDLER -DTAU_MPICONSTCHAR -DTAU_MPIATTRFUNCTION -DTAU_MPITYPEEX -DTAU_MPIADDERROR -DTAU_LARGEFILE -D_LARGEFILE64_SOURCE -DMPICH_IGNORE_CXX_SEEK -DTAU_MPICH2_MPI_IN_PLACE -DTAU_MPIFILE -DHAVE_TR1_HASH_MAP -DTAU_SS_ALLOC_SUPPORT -DEBS_CLOCK_RES=1 -DTAU_STRSIGNAL_OK -DTAU_TRACK_LD_LOADER -DTAU_MPICH3 -DTAU_MPI_EXTENSIONS -I/home/hw16471/Programs/tau-2.28.1/include -I/usr/lib/mpich/include -DPROFILING_ON -DTAU_GNU -DTAU_DOT_H_LESS_HEADERS -DTAU_MPI -DTAU_UNIFY -DTAU_MPI_THREADED -DTAU_LINUX_TIMERS -DTAU_MPIGREQUEST -DTAU_MPIDATAREP -DTAU_MPIERRHANDLER -DTAU_MPICONSTCHAR -DTAU_MPIATTRFUNCTION -DTAU_MPITYPEEX -DTAU_MPIADDERROR -DTAU_LARGEFILE -D_LARGEFILE64_SOURCE -DMPICH_IGNORE_CXX_SEEK -DTAU_MPICH2_MPI_IN_PLACE -DTAU_MPIFILE -DHAVE_TR1_HASH_MAP -DTAU_SS_ALLOC_SUPPORT -DEBS_CLOCK_RES=1 -DTAU_STRSIGNAL_OK -DTAU_TRACK_LD_LOADER -DTAU_MPICH3 -DTAU_MPI_EXTENSIONS -I/home/hw16471/Programs/tau-2.28.1/include -I/usr/lib/mpich/include -g -finstrument-functions -finstrument-functions-exclude-file-list=/usr/include -o PB.o
/tmp/makefile.tau.hw16471.11707:3: recipe for target 'all' failed
Makefile:59: recipe for target 'PB.o' failed
