mpic++ -c -Wall -O3 -c SequenceAlignment.cpp
mpic++ -c -Wall -O3 -c CodonSequenceAlignment.cpp
mpic++ -c -Wall -O3 -c StateSpace.cpp
mpic++ -c -Wall -O3 -c CodonStateSpace.cpp
mpic++ -c -Wall -O3 -c ZippedSequenceAlignment.cpp
mpic++ -c -Wall -O3 -c SubMatrix.cpp
mpic++ -c -Wall -O3 -c GTRSubMatrix.cpp
mpic++ -c -Wall -O3 -c CodonSubMatrix.cpp
mpic++ -c -Wall -O3 -c linalg.cpp
mpic++ -c -Wall -O3 -c Chrono.cpp
mpic++ -c -Wall -O3 -c BranchProcess.cpp
mpic++ -c -Wall -O3 -c GammaBranchProcess.cpp
mpic++ -c -Wall -O3 -c RateProcess.cpp
mpic++ -c -Wall -O3 -c DGamRateProcess.cpp
mpic++ -c -Wall -O3 -c ProfileProcess.cpp
mpic++ -c -Wall -O3 -c OneProfileProcess.cpp
mpic++ -c -Wall -O3 -c MatrixProfileProcess.cpp
mpic++ -c -Wall -O3 -c MatrixOneProfileProcess.cpp
mpic++ -c -Wall -O3 -c GTRProfileProcess.cpp
mpic++ -c -Wall -O3 -c ExpoConjugateGTRProfileProcess.cpp
mpic++ -c -Wall -O3 -c ExpoConjugateGTRDPProfileProcess.cpp
mpic++ -c -Wall -O3 -c ExpoConjugateGTRSBDPProfileProcess.cpp
mpic++ -c -Wall -O3 -c ExpoConjugateGTRFiniteProfileProcess.cpp
mpic++ -c -Wall -O3 -c MixtureProfileProcess.cpp
mpic++ -c -Wall -O3 -c PoissonMixtureProfileProcess.cpp
mpic++ -c -Wall -O3 -c MatrixMixtureProfileProcess.cpp
mpic++ -c -Wall -O3 -c GTRMixtureProfileProcess.cpp
mpic++ -c -Wall -O3 -c ExpoConjugateGTRMixtureProfileProcess.cpp
mpic++ -c -Wall -O3 -c GeneralPathSuffStatMatrixMixtureProfileProcess.cpp
mpic++ -c -Wall -O3 -c DPProfileProcess.cpp
mpic++ -c -Wall -O3 -c SBDPProfileProcess.cpp
mpic++ -c -Wall -O3 -c PoissonDPProfileProcess.cpp
mpic++ -c -Wall -O3 -c PoissonSBDPProfileProcess.cpp
mpic++ -c -Wall -O3 -c MatrixDPProfileProcess.cpp
mpic++ -c -Wall -O3 -c MatrixSBDPProfileProcess.cpp
mpic++ -c -Wall -O3 -c FiniteProfileProcess.cpp
mpic++ -c -Wall -O3 -c PoissonFiniteProfileProcess.cpp
mpic++ -c -Wall -O3 -c MatrixFiniteProfileProcess.cpp
mpic++ -c -Wall -O3 -c CodonMutSelProfileProcess.cpp
mpic++ -c -Wall -O3 -c AACodonMutSelProfileProcess.cpp
mpic++ -c -Wall -O3 -c SubstitutionProcess.cpp
mpic++ -c -Wall -O3 -c Propagate.cpp
mpic++ -c -Wall -O3 -c PoissonSubstitutionProcess.cpp
mpic++ -c -Wall -O3 -c MatrixSubstitutionProcess.cpp
mpic++ -c -Wall -O3 -c ExpoConjugateGTRSubstitutionProcess.cpp
mpic++ -c -Wall -O3 -c GeneralPathSuffStatMatrixSubstitutionProcess.cpp
mpic++ -c -Wall -O3 -c PhyloProcess.cpp
mpic++ -c -Wall -O3 -c PoissonPhyloProcess.cpp
mpic++ -c -Wall -O3 -c MatrixPhyloProcess.cpp
mpic++ -c -Wall -O3 -c ExpoConjugateGTRPhyloProcess.cpp
mpic++ -c -Wall -O3 -c GeneralPathSuffStatMatrixPhyloProcess.cpp
mpic++ -c -Wall -O3 -c RASCATGammaPhyloProcess.cpp
mpic++ -c -Wall -O3 -c RASCATSBDPGammaPhyloProcess.cpp
mpic++ -c -Wall -O3 -c RASCATFiniteGammaPhyloProcess.cpp
mpic++ -c -Wall -O3 -c RASCATGTRFiniteGammaPhyloProcess.cpp
mpic++ -c -Wall -O3 -c RASCATGTRDPGammaPhyloProcess.cpp
mpic++ -c -Wall -O3 -c RASCATGTRSBDPGammaPhyloProcess.cpp
mpic++ -c -Wall -O3 -c AACodonMutSelFinitePhyloProcess.cpp
mpic++ -c -Wall -O3 -c CodonMutSelFinitePhyloProcess.cpp
mpic++ -c -Wall -O3 -c CodonMutSelSBDPPhyloProcess.cpp
mpic++ -c -Wall -O3 -c AACodonMutSelSBDPPhyloProcess.cpp
mpic++ -c -Wall -O3 -c Bipartition.cpp
mpic++ -c -Wall -O3 -c BipartitionList.cpp
mpic++ -c -Wall -O3 -c Consensus.cpp
mpic++ -c -Wall -O3 -c TaxaParameters.cpp
mpic++ -c -Wall -O3 -c PBTree.cpp
mpic++ -c -Wall -O3 -c TreeList.cpp
mpic++ -c -Wall -O3 -c PolyNode.cpp
mpic++ -c -Wall -O3 -c correl.cpp
mpic++ -c -Wall -O3 -c correlation.cpp
mpic++ -c -Wall -O3 -c NNI.cpp
mpic++ PB.o TaxonSet.o Tree.o Random.o SequenceAlignment.o CodonSequenceAlignment.o StateSpace.o CodonStateSpace.o ZippedSequenceAlignment.o SubMatrix.o GTRSubMatrix.o CodonSubMatrix.o linalg.o Chrono.o BranchProcess.o GammaBranchProcess.o RateProcess.o DGamRateProcess.o ProfileProcess.o OneProfileProcess.o MatrixProfileProcess.o MatrixOneProfileProcess.o GTRProfileProcess.o ExpoConjugateGTRProfileProcess.o ExpoConjugateGTRDPProfileProcess.o ExpoConjugateGTRSBDPProfileProcess.o ExpoConjugateGTRFiniteProfileProcess.o MixtureProfileProcess.o PoissonMixtureProfileProcess.o MatrixMixtureProfileProcess.o GTRMixtureProfileProcess.o ExpoConjugateGTRMixtureProfileProcess.o GeneralPathSuffStatMatrixMixtureProfileProcess.o DPProfileProcess.o SBDPProfileProcess.o PoissonDPProfileProcess.o PoissonSBDPProfileProcess.o MatrixDPProfileProcess.o MatrixSBDPProfileProcess.o FiniteProfileProcess.o PoissonFiniteProfileProcess.o MatrixFiniteProfileProcess.o CodonMutSelProfileProcess.o AACodonMutSelProfileProcess.o SubstitutionProcess.o Propagate.o PoissonSubstitutionProcess.o MatrixSubstitutionProcess.o ExpoConjugateGTRSubstitutionProcess.o GeneralPathSuffStatMatrixSubstitutionProcess.o PhyloProcess.o PoissonPhyloProcess.o MatrixPhyloProcess.o ExpoConjugateGTRPhyloProcess.o GeneralPathSuffStatMatrixPhyloProcess.o RASCATGammaPhyloProcess.o RASCATSBDPGammaPhyloProcess.o RASCATFiniteGammaPhyloProcess.o RASCATGTRFiniteGammaPhyloProcess.o RASCATGTRDPGammaPhyloProcess.o RASCATGTRSBDPGammaPhyloProcess.o AACodonMutSelFinitePhyloProcess.o CodonMutSelFinitePhyloProcess.o CodonMutSelSBDPPhyloProcess.o AACodonMutSelSBDPPhyloProcess.o Bipartition.o BipartitionList.o Consensus.o TaxaParameters.o PBTree.o TreeList.o PolyNode.o correl.o correlation.o NNI.o -O3  -o ../data/pb_mpi
mpic++ -c -Wall -O3 -c ReadPB.cpp
mpic++ ReadPB.o TaxonSet.o Tree.o Random.o SequenceAlignment.o CodonSequenceAlignment.o StateSpace.o CodonStateSpace.o ZippedSequenceAlignment.o SubMatrix.o GTRSubMatrix.o CodonSubMatrix.o linalg.o Chrono.o BranchProcess.o GammaBranchProcess.o RateProcess.o DGamRateProcess.o ProfileProcess.o OneProfileProcess.o MatrixProfileProcess.o MatrixOneProfileProcess.o GTRProfileProcess.o ExpoConjugateGTRProfileProcess.o ExpoConjugateGTRDPProfileProcess.o ExpoConjugateGTRSBDPProfileProcess.o ExpoConjugateGTRFiniteProfileProcess.o MixtureProfileProcess.o PoissonMixtureProfileProcess.o MatrixMixtureProfileProcess.o GTRMixtureProfileProcess.o ExpoConjugateGTRMixtureProfileProcess.o GeneralPathSuffStatMatrixMixtureProfileProcess.o DPProfileProcess.o SBDPProfileProcess.o PoissonDPProfileProcess.o PoissonSBDPProfileProcess.o MatrixDPProfileProcess.o MatrixSBDPProfileProcess.o FiniteProfileProcess.o PoissonFiniteProfileProcess.o MatrixFiniteProfileProcess.o CodonMutSelProfileProcess.o AACodonMutSelProfileProcess.o SubstitutionProcess.o Propagate.o PoissonSubstitutionProcess.o MatrixSubstitutionProcess.o ExpoConjugateGTRSubstitutionProcess.o GeneralPathSuffStatMatrixSubstitutionProcess.o PhyloProcess.o PoissonPhyloProcess.o MatrixPhyloProcess.o ExpoConjugateGTRPhyloProcess.o GeneralPathSuffStatMatrixPhyloProcess.o RASCATGammaPhyloProcess.o RASCATSBDPGammaPhyloProcess.o RASCATFiniteGammaPhyloProcess.o RASCATGTRFiniteGammaPhyloProcess.o RASCATGTRDPGammaPhyloProcess.o RASCATGTRSBDPGammaPhyloProcess.o AACodonMutSelFinitePhyloProcess.o CodonMutSelFinitePhyloProcess.o CodonMutSelSBDPPhyloProcess.o AACodonMutSelSBDPPhyloProcess.o Bipartition.o BipartitionList.o Consensus.o TaxaParameters.o PBTree.o TreeList.o PolyNode.o correl.o correlation.o NNI.o -O3  -o ../data/readpb_mpi
mpic++ -c -Wall -O3 -c TraceComp.cpp
mpic++ TraceComp.o TaxonSet.o Tree.o Random.o SequenceAlignment.o CodonSequenceAlignment.o StateSpace.o CodonStateSpace.o ZippedSequenceAlignment.o SubMatrix.o GTRSubMatrix.o CodonSubMatrix.o linalg.o Chrono.o BranchProcess.o GammaBranchProcess.o RateProcess.o DGamRateProcess.o ProfileProcess.o OneProfileProcess.o MatrixProfileProcess.o MatrixOneProfileProcess.o GTRProfileProcess.o ExpoConjugateGTRProfileProcess.o ExpoConjugateGTRDPProfileProcess.o ExpoConjugateGTRSBDPProfileProcess.o ExpoConjugateGTRFiniteProfileProcess.o MixtureProfileProcess.o PoissonMixtureProfileProcess.o MatrixMixtureProfileProcess.o GTRMixtureProfileProcess.o ExpoConjugateGTRMixtureProfileProcess.o GeneralPathSuffStatMatrixMixtureProfileProcess.o DPProfileProcess.o SBDPProfileProcess.o PoissonDPProfileProcess.o PoissonSBDPProfileProcess.o MatrixDPProfileProcess.o MatrixSBDPProfileProcess.o FiniteProfileProcess.o PoissonFiniteProfileProcess.o MatrixFiniteProfileProcess.o CodonMutSelProfileProcess.o AACodonMutSelProfileProcess.o SubstitutionProcess.o Propagate.o PoissonSubstitutionProcess.o MatrixSubstitutionProcess.o ExpoConjugateGTRSubstitutionProcess.o GeneralPathSuffStatMatrixSubstitutionProcess.o PhyloProcess.o PoissonPhyloProcess.o MatrixPhyloProcess.o ExpoConjugateGTRPhyloProcess.o GeneralPathSuffStatMatrixPhyloProcess.o RASCATGammaPhyloProcess.o RASCATSBDPGammaPhyloProcess.o RASCATFiniteGammaPhyloProcess.o RASCATGTRFiniteGammaPhyloProcess.o RASCATGTRDPGammaPhyloProcess.o RASCATGTRSBDPGammaPhyloProcess.o AACodonMutSelFinitePhyloProcess.o CodonMutSelFinitePhyloProcess.o CodonMutSelSBDPPhyloProcess.o AACodonMutSelSBDPPhyloProcess.o Bipartition.o BipartitionList.o Consensus.o TaxaParameters.o PBTree.o TreeList.o PolyNode.o correl.o correlation.o NNI.o -O3  -o ../data/tracecomp
mpic++ -c -Wall -O3 -c BPCompare.cpp
mpic++ BPCompare.o TaxonSet.o Tree.o Random.o SequenceAlignment.o CodonSequenceAlignment.o StateSpace.o CodonStateSpace.o ZippedSequenceAlignment.o SubMatrix.o GTRSubMatrix.o CodonSubMatrix.o linalg.o Chrono.o BranchProcess.o GammaBranchProcess.o RateProcess.o DGamRateProcess.o ProfileProcess.o OneProfileProcess.o MatrixProfileProcess.o MatrixOneProfileProcess.o GTRProfileProcess.o ExpoConjugateGTRProfileProcess.o ExpoConjugateGTRDPProfileProcess.o ExpoConjugateGTRSBDPProfileProcess.o ExpoConjugateGTRFiniteProfileProcess.o MixtureProfileProcess.o PoissonMixtureProfileProcess.o MatrixMixtureProfileProcess.o GTRMixtureProfileProcess.o ExpoConjugateGTRMixtureProfileProcess.o GeneralPathSuffStatMatrixMixtureProfileProcess.o DPProfileProcess.o SBDPProfileProcess.o PoissonDPProfileProcess.o PoissonSBDPProfileProcess.o MatrixDPProfileProcess.o MatrixSBDPProfileProcess.o FiniteProfileProcess.o PoissonFiniteProfileProcess.o MatrixFiniteProfileProcess.o CodonMutSelProfileProcess.o AACodonMutSelProfileProcess.o SubstitutionProcess.o Propagate.o PoissonSubstitutionProcess.o MatrixSubstitutionProcess.o ExpoConjugateGTRSubstitutionProcess.o GeneralPathSuffStatMatrixSubstitutionProcess.o PhyloProcess.o PoissonPhyloProcess.o MatrixPhyloProcess.o ExpoConjugateGTRPhyloProcess.o GeneralPathSuffStatMatrixPhyloProcess.o RASCATGammaPhyloProcess.o RASCATSBDPGammaPhyloProcess.o RASCATFiniteGammaPhyloProcess.o RASCATGTRFiniteGammaPhyloProcess.o RASCATGTRDPGammaPhyloProcess.o RASCATGTRSBDPGammaPhyloProcess.o AACodonMutSelFinitePhyloProcess.o CodonMutSelFinitePhyloProcess.o CodonMutSelSBDPPhyloProcess.o AACodonMutSelSBDPPhyloProcess.o Bipartition.o BipartitionList.o Consensus.o TaxaParameters.o PBTree.o TreeList.o PolyNode.o correl.o correlation.o NNI.o -O3  -o ../data/bpcomp
mpic++ -c -Wall -O3 -c CVrep.cpp
mpic++ CVrep.o TaxonSet.o Tree.o Random.o SequenceAlignment.o CodonSequenceAlignment.o StateSpace.o CodonStateSpace.o ZippedSequenceAlignment.o SubMatrix.o GTRSubMatrix.o CodonSubMatrix.o linalg.o Chrono.o BranchProcess.o GammaBranchProcess.o RateProcess.o DGamRateProcess.o ProfileProcess.o OneProfileProcess.o MatrixProfileProcess.o MatrixOneProfileProcess.o GTRProfileProcess.o ExpoConjugateGTRProfileProcess.o ExpoConjugateGTRDPProfileProcess.o ExpoConjugateGTRSBDPProfileProcess.o ExpoConjugateGTRFiniteProfileProcess.o MixtureProfileProcess.o PoissonMixtureProfileProcess.o MatrixMixtureProfileProcess.o GTRMixtureProfileProcess.o ExpoConjugateGTRMixtureProfileProcess.o GeneralPathSuffStatMatrixMixtureProfileProcess.o DPProfileProcess.o SBDPProfileProcess.o PoissonDPProfileProcess.o PoissonSBDPProfileProcess.o MatrixDPProfileProcess.o MatrixSBDPProfileProcess.o FiniteProfileProcess.o PoissonFiniteProfileProcess.o MatrixFiniteProfileProcess.o CodonMutSelProfileProcess.o AACodonMutSelProfileProcess.o SubstitutionProcess.o Propagate.o PoissonSubstitutionProcess.o MatrixSubstitutionProcess.o ExpoConjugateGTRSubstitutionProcess.o GeneralPathSuffStatMatrixSubstitutionProcess.o PhyloProcess.o PoissonPhyloProcess.o MatrixPhyloProcess.o ExpoConjugateGTRPhyloProcess.o GeneralPathSuffStatMatrixPhyloProcess.o RASCATGammaPhyloProcess.o RASCATSBDPGammaPhyloProcess.o RASCATFiniteGammaPhyloProcess.o RASCATGTRFiniteGammaPhyloProcess.o RASCATGTRDPGammaPhyloProcess.o RASCATGTRSBDPGammaPhyloProcess.o AACodonMutSelFinitePhyloProcess.o CodonMutSelFinitePhyloProcess.o CodonMutSelSBDPPhyloProcess.o AACodonMutSelSBDPPhyloProcess.o Bipartition.o BipartitionList.o Consensus.o TaxaParameters.o PBTree.o TreeList.o PolyNode.o correl.o correlation.o NNI.o -O3  -o ../data/cvrep
